# JRE version: OpenJDK Runtime Environment (8.0_312-b07) (build 1.8.0_312-b07)
# Java VM: OpenJDK 64-Bit Server VM (25.312-b07 mixed mode linux-amd64 compressed oops)
Heap:
 PSYoungGen      total 208896K, used 134448K [0x00000000d7b80000, 0x00000000ee600000, 0x0000000100000000)
  eden space 100352K, 26% used [0x00000000d7b80000,0x00000000d9593840,0x00000000ddd80000)
  from space 108544K, 99% used [0x00000000e5900000,0x00000000ec238b70,0x00000000ec300000)
  to   space 126464K, 0% used [0x00000000ddd80000,0x00000000ddd80000,0x00000000e5900000)
 ParOldGen       total 349184K, used 204495K [0x0000000087200000, 0x000000009c700000, 0x00000000d7b80000)
  object space 349184K, 58% used [0x0000000087200000,0x00000000939b3f98,0x000000009c700000)
 Metaspace       used 20584K, capacity 21956K, committed 22144K, reserved 1069056K
  class space    used 2884K, capacity 3181K, committed 3200K, reserved 1048576K
GC Heap History (10 events):
Event: 36.740 GC heap before
{Heap before GC invocations=7 (full 2):
 PSYoungGen      total 58368K, used 52562K [0x00000000d7b80000, 0x00000000dc280000, 0x0000000100000000)
  eden space 53248K, 98% used [0x00000000d7b80000,0x00000000daed4ae0,0x00000000daf80000)
  from space 5120K, 0% used [0x00000000dbd80000,0x00000000dbd80000,0x00000000dc280000)
  to   space 5120K, 0% used [0x00000000db880000,0x00000000db880000,0x00000000dbd80000)
 ParOldGen       total 193536K, used 61348K [0x0000000087200000, 0x0000000092f00000, 0x00000000d7b80000)
  object space 193536K, 31% used [0x0000000087200000,0x000000008ade93c8,0x0000000092f00000)
 Metaspace       used 20253K, capacity 21530K, committed 21632K, reserved 1067008K
  class space    used 2868K, capacity 3136K, committed 3200K, reserved 1048576K
Event: 36.754 GC heap after
Heap after GC invocations=7 (full 2):
 PSYoungGen      total 67584K, used 5118K [0x00000000d7b80000, 0x00000000e6700000, 0x0000000100000000)
  eden space 62464K, 0% used [0x00000000d7b80000,0x00000000d7b80000,0x00000000db880000)
  from space 5120K, 99% used [0x00000000db880000,0x00000000dbd7fb20,0x00000000dbd80000)
  to   space 77312K, 0% used [0x00000000e1b80000,0x00000000e1b80000,0x00000000e6700000)
 ParOldGen       total 193536K, used 91884K [0x0000000087200000, 0x0000000092f00000, 0x00000000d7b80000)
  object space 193536K, 47% used [0x0000000087200000,0x000000008cbbb000,0x0000000092f00000)
 Metaspace       used 20253K, capacity 21530K, committed 21632K, reserved 1067008K
  class space    used 2868K, capacity 3136K, committed 3200K, reserved 1048576K
}
Event: 39.013 GC heap before
{Heap before GC invocations=8 (full 2):
 PSYoungGen      total 67584K, used 64881K [0x00000000d7b80000, 0x00000000e6700000, 0x0000000100000000)
  eden space 62464K, 95% used [0x00000000d7b80000,0x00000000db5dcc30,0x00000000db880000)
  from space 5120K, 99% used [0x00000000db880000,0x00000000dbd7fb20,0x00000000dbd80000)
  to   space 77312K, 0% used [0x00000000e1b80000,0x00000000e1b80000,0x00000000e6700000)
 ParOldGen       total 193536K, used 91884K [0x0000000087200000, 0x0000000092f00000, 0x00000000d7b80000)
  object space 193536K, 47% used [0x0000000087200000,0x000000008cbbb000,0x0000000092f00000)
 Metaspace       used 20421K, capacity 21740K, committed 21888K, reserved 1069056K
  class space    used 2880K, capacity 3177K, committed 3200K, reserved 1048576K
Event: 39.046 GC heap after
Heap after GC invocations=8 (full 2):
 PSYoungGen      total 149504K, used 75680K [0x00000000d7b80000, 0x00000000e9400000, 0x0000000100000000)
  eden space 72192K, 0% used [0x00000000d7b80000,0x00000000d7b80000,0x00000000dc200000)
  from space 77312K, 97% used [0x00000000e1b80000,0x00000000e6568090,0x00000000e6700000)
  to   space 91648K, 0% used [0x00000000dc200000,0x00000000dc200000,0x00000000e1b80000)
 ParOldGen       total 193536K, used 96884K [0x0000000087200000, 0x0000000092f00000, 0x00000000d7b80000)
  object space 193536K, 50% used [0x0000000087200000,0x000000008d09d010,0x0000000092f00000)
 Metaspace       used 20421K, capacity 21740K, committed 21888K, reserved 1069056K
  class space    used 2880K, capacity 3177K, committed 3200K, reserved 1048576K
}
Event: 50.675 GC heap before
{Heap before GC invocations=9 (full 2):
 PSYoungGen      total 149504K, used 145880K [0x00000000d7b80000, 0x00000000e9400000, 0x0000000100000000)
  eden space 72192K, 97% used [0x00000000d7b80000,0x00000000dc00e308,0x00000000dc200000)
  from space 77312K, 97% used [0x00000000e1b80000,0x00000000e6568090,0x00000000e6700000)
  to   space 91648K, 0% used [0x00000000dc200000,0x00000000dc200000,0x00000000e1b80000)
 ParOldGen       total 193536K, used 96884K [0x0000000087200000, 0x0000000092f00000, 0x00000000d7b80000)
  object space 193536K, 50% used [0x0000000087200000,0x000000008d09d010,0x0000000092f00000)
 Metaspace       used 20539K, capacity 21892K, committed 22144K, reserved 1069056K
  class space    used 2884K, capacity 3181K, committed 3200K, reserved 1048576K
Event: 50.744 GC heap after
Heap after GC invocations=9 (full 2):
 PSYoungGen      total 163840K, used 91621K [0x00000000d7b80000, 0x00000000ec300000, 0x0000000100000000)
  eden space 72192K, 0% used [0x00000000d7b80000,0x00000000d7b80000,0x00000000dc200000)
  from space 91648K, 99% used [0x00000000dc200000,0x00000000e1b79418,0x00000000e1b80000)
  to   space 108544K, 0% used [0x00000000e5900000,0x00000000e5900000,0x00000000ec300000)
 ParOldGen       total 193536K, used 180305K [0x0000000087200000, 0x0000000092f00000, 0x00000000d7b80000)
  object space 193536K, 93% used [0x0000000087200000,0x0000000092214420,0x0000000092f00000)
 Metaspace       used 20539K, capacity 21892K, committed 22144K, reserved 1069056K
  class space    used 2884K, capacity 3181K, committed 3200K, reserved 1048576K
}
Event: 50.744 GC heap before
{Heap before GC invocations=10 (full 3):
 PSYoungGen      total 163840K, used 91621K [0x00000000d7b80000, 0x00000000ec300000, 0x0000000100000000)
  eden space 72192K, 0% used [0x00000000d7b80000,0x00000000d7b80000,0x00000000dc200000)
  from space 91648K, 99% used [0x00000000dc200000,0x00000000e1b79418,0x00000000e1b80000)
  to   space 108544K, 0% used [0x00000000e5900000,0x00000000e5900000,0x00000000ec300000)
 ParOldGen       total 193536K, used 180305K [0x0000000087200000, 0x0000000092f00000, 0x00000000d7b80000)
  object space 193536K, 93% used [0x0000000087200000,0x0000000092214420,0x0000000092f00000)
 Metaspace       used 20539K, capacity 21892K, committed 22144K, reserved 1069056K
  class space    used 2884K, capacity 3181K, committed 3200K, reserved 1048576K
Event: 50.828 GC heap after
Heap after GC invocations=10 (full 3):
 PSYoungGen      total 163840K, used 12154K [0x00000000d7b80000, 0x00000000ec300000, 0x0000000100000000)
  eden space 72192K, 0% used [0x00000000d7b80000,0x00000000d7b80000,0x00000000dc200000)
  from space 91648K, 13% used [0x00000000dc200000,0x00000000dcddeac8,0x00000000e1b80000)
  to   space 108544K, 0% used [0x00000000e5900000,0x00000000e5900000,0x00000000ec300000)
 ParOldGen       total 349184K, used 192348K [0x0000000087200000, 0x000000009c700000, 0x00000000d7b80000)
  object space 349184K, 55% used [0x0000000087200000,0x0000000092dd7110,0x000000009c700000)
 Metaspace       used 20539K, capacity 21892K, committed 22144K, reserved 1069056K
  class space    used 2884K, capacity 3181K, committed 3200K, reserved 1048576K
}
Event: 75.046 GC heap before
{Heap before GC invocations=11 (full 3):
 PSYoungGen      total 163840K, used 82282K [0x00000000d7b80000, 0x00000000ec300000, 0x0000000100000000)
  eden space 72192K, 97% used [0x00000000d7b80000,0x00000000dbffbf38,0x00000000dc200000)
  from space 91648K, 13% used [0x00000000dc200000,0x00000000dcddeac8,0x00000000e1b80000)
  to   space 108544K, 0% used [0x00000000e5900000,0x00000000e5900000,0x00000000ec300000)
 ParOldGen       total 349184K, used 192348K [0x0000000087200000, 0x000000009c700000, 0x00000000d7b80000)
  object space 349184K, 55% used [0x0000000087200000,0x0000000092dd7110,0x000000009c700000)
 Metaspace       used 20548K, capacity 21892K, committed 22144K, reserved 1069056K
  class space    used 2884K, capacity 3181K, committed 3200K, reserved 1048576K
Event: 75.092 GC heap after
Heap after GC invocations=11 (full 3):
 PSYoungGen      total 208896K, used 107746K [0x00000000d7b80000, 0x00000000ee600000, 0x0000000100000000)
  eden space 100352K, 0% used [0x00000000d7b80000,0x00000000d7b80000,0x00000000ddd80000)
  from space 108544K, 99% used [0x00000000e5900000,0x00000000ec238b70,0x00000000ec300000)
  to   space 126464K, 0% used [0x00000000ddd80000,0x00000000ddd80000,0x00000000e5900000)
 ParOldGen       total 349184K, used 204495K [0x0000000087200000, 0x000000009c700000, 0x00000000d7b80000)
  object space 349184K, 58% used [0x0000000087200000,0x00000000939b3f98,0x000000009c700000)
 Metaspace       used 20548K, capacity 21892K, committed 22144K, reserved 1069056K
  class space    used 2884K, capacity 3181K, committed 3200K, reserved 1048576K
}

